[0.087s] DEBUG:colcon:Command line arguments: ['/usr/bin/colcon', 'build']
[0.087s] DEBUG:colcon:Parsed command line arguments: Namespace(log_base=None, log_level=None, verb_name='build', build_base='build', install_base='install', merge_install=False, symlink_install=False, test_result_base=None, continue_on_error=False, executor='parallel', parallel_workers=4, event_handlers=None, ignore_user_meta=False, metas=['./colcon.meta'], base_paths=['.'], packages_ignore=None, packages_ignore_regex=None, paths=None, packages_up_to=None, packages_up_to_regex=None, packages_above=None, packages_above_and_dependencies=None, packages_above_depth=None, packages_select_by_dep=None, packages_skip_by_dep=None, packages_skip_up_to=None, packages_select_build_failed=False, packages_skip_build_finished=False, packages_select_test_failures=False, packages_skip_test_passed=False, packages_select=None, packages_skip=None, packages_select_regex=None, packages_skip_regex=None, packages_start=None, packages_end=None, allow_overriding=[], cmake_args=None, cmake_target=None, cmake_target_skip_unavailable=False, cmake_clean_cache=False, cmake_clean_first=False, cmake_force_configure=False, ament_cmake_args=None, catkin_cmake_args=None, catkin_skip_building_tests=False, mixin_files=None, mixin=None, verb_parser=<colcon_mixin.mixin.mixin_argument.MixinArgumentDecorator object at 0xffffa0cd9d20>, verb_extension=<colcon_core.verb.build.BuildVerb object at 0xffffa0cd90c0>, main=<bound method BuildVerb.main of <colcon_core.verb.build.BuildVerb object at 0xffffa0cd90c0>>, mixin_verb=('build',))
[0.248s] Level 1:colcon.colcon_core.package_discovery:discover_packages(colcon_meta) check parameters
[0.249s] Level 1:colcon.colcon_core.package_discovery:discover_packages(recursive) check parameters
[0.249s] Level 1:colcon.colcon_core.package_discovery:discover_packages(ignore) check parameters
[0.249s] Level 1:colcon.colcon_core.package_discovery:discover_packages(path) check parameters
[0.249s] Level 1:colcon.colcon_core.package_discovery:discover_packages(colcon_meta) discover
[0.249s] Level 1:colcon.colcon_core.package_discovery:discover_packages(recursive) discover
[0.249s] INFO:colcon.colcon_core.package_discovery:Crawling recursively for packages in '/home/aakwan/autonomy_ws/src/autonomy_repo'
[0.249s] Level 1:colcon.colcon_core.package_identification:_identify(.) by extensions ['ignore', 'ignore_ament_install']
[0.249s] Level 1:colcon.colcon_core.package_identification:_identify(.) by extension 'ignore'
[0.249s] Level 1:colcon.colcon_core.package_identification:_identify(.) by extension 'ignore_ament_install'
[0.249s] Level 1:colcon.colcon_core.package_identification:_identify(.) by extensions ['colcon_pkg']
[0.249s] Level 1:colcon.colcon_core.package_identification:_identify(.) by extension 'colcon_pkg'
[0.249s] Level 1:colcon.colcon_core.package_identification:_identify(.) by extensions ['colcon_meta']
[0.249s] Level 1:colcon.colcon_core.package_identification:_identify(.) by extension 'colcon_meta'
[0.249s] Level 1:colcon.colcon_core.package_identification:_identify(.) by extensions ['ros']
[0.249s] Level 1:colcon.colcon_core.package_identification:_identify(.) by extension 'ros'
[0.260s] DEBUG:colcon.colcon_core.package_identification:Package '.' with type 'ros.ament_cmake' and name 'autonomy_repo'
[0.260s] Level 1:colcon.colcon_core.package_discovery:discover_packages(recursive) using defaults
[0.261s] Level 1:colcon.colcon_core.package_discovery:discover_packages(ignore) discover
[0.261s] Level 1:colcon.colcon_core.package_discovery:discover_packages(ignore) using defaults
[0.261s] Level 1:colcon.colcon_core.package_discovery:discover_packages(path) discover
[0.261s] Level 1:colcon.colcon_core.package_discovery:discover_packages(path) using defaults
[0.276s] Level 1:colcon.colcon_core.package_discovery:discover_packages(prefix_path) check parameters
[0.276s] Level 1:colcon.colcon_core.package_discovery:discover_packages(prefix_path) discover
[0.278s] DEBUG:colcon.colcon_installed_package_information.package_discovery:Found 18 installed packages in /home/aakwan/tb_ws/install
[0.278s] DEBUG:colcon.colcon_installed_package_information.package_discovery:Found 240 installed packages in /opt/ros/humble
[0.279s] Level 1:colcon.colcon_core.package_discovery:discover_packages(prefix_path) using defaults
[0.310s] Level 5:colcon.colcon_core.verb:set package 'autonomy_repo' build argument 'cmake_args' from command line to 'None'
[0.310s] Level 5:colcon.colcon_core.verb:set package 'autonomy_repo' build argument 'cmake_target' from command line to 'None'
[0.310s] Level 5:colcon.colcon_core.verb:set package 'autonomy_repo' build argument 'cmake_target_skip_unavailable' from command line to 'False'
[0.310s] Level 5:colcon.colcon_core.verb:set package 'autonomy_repo' build argument 'cmake_clean_cache' from command line to 'False'
[0.310s] Level 5:colcon.colcon_core.verb:set package 'autonomy_repo' build argument 'cmake_clean_first' from command line to 'False'
[0.310s] Level 5:colcon.colcon_core.verb:set package 'autonomy_repo' build argument 'cmake_force_configure' from command line to 'False'
[0.310s] Level 5:colcon.colcon_core.verb:set package 'autonomy_repo' build argument 'ament_cmake_args' from command line to 'None'
[0.310s] Level 5:colcon.colcon_core.verb:set package 'autonomy_repo' build argument 'catkin_cmake_args' from command line to 'None'
[0.310s] Level 5:colcon.colcon_core.verb:set package 'autonomy_repo' build argument 'catkin_skip_building_tests' from command line to 'False'
[0.310s] DEBUG:colcon.colcon_core.verb:Building package 'autonomy_repo' with the following arguments: {'ament_cmake_args': None, 'build_base': '/home/aakwan/autonomy_ws/src/autonomy_repo/build/autonomy_repo', 'catkin_cmake_args': None, 'catkin_skip_building_tests': False, 'cmake_args': None, 'cmake_clean_cache': False, 'cmake_clean_first': False, 'cmake_force_configure': False, 'cmake_target': None, 'cmake_target_skip_unavailable': False, 'install_base': '/home/aakwan/autonomy_ws/src/autonomy_repo/install/autonomy_repo', 'merge_install': False, 'path': '/home/aakwan/autonomy_ws/src/autonomy_repo', 'symlink_install': False, 'test_result_base': None}
[0.310s] INFO:colcon.colcon_core.executor:Executing jobs using 'parallel' executor
[0.310s] DEBUG:colcon.colcon_parallel_executor.executor.parallel:run_until_complete
[0.310s] INFO:colcon.colcon_ros.task.ament_cmake.build:Building ROS package in '/home/aakwan/autonomy_ws/src/autonomy_repo' with build type 'ament_cmake'
[0.310s] INFO:colcon.colcon_cmake.task.cmake.build:Building CMake package in '/home/aakwan/autonomy_ws/src/autonomy_repo'
[0.313s] INFO:colcon.colcon_core.plugin_system:Skipping extension 'colcon_core.shell.bat': Not used on non-Windows systems
[0.313s] INFO:colcon.colcon_core.shell:Skip shell extension 'powershell' for command environment: Not usable outside of PowerShell
[0.313s] DEBUG:colcon.colcon_core.shell:Skip shell extension 'dsv' for command environment
[0.319s] DEBUG:colcon.colcon_core.event_handler.log_command:Invoking command in '/home/aakwan/autonomy_ws/src/autonomy_repo/build/autonomy_repo': CMAKE_PREFIX_PATH=${CMAKE_PREFIX_PATH}:/opt/ros/humble /usr/bin/cmake /home/aakwan/autonomy_ws/src/autonomy_repo -DCMAKE_INSTALL_PREFIX=/home/aakwan/autonomy_ws/src/autonomy_repo/install/autonomy_repo
[0.742s] DEBUG:colcon.colcon_core.event_handler.log_command:Invoked command in '/home/aakwan/autonomy_ws/src/autonomy_repo/build/autonomy_repo' returned '0': CMAKE_PREFIX_PATH=${CMAKE_PREFIX_PATH}:/opt/ros/humble /usr/bin/cmake /home/aakwan/autonomy_ws/src/autonomy_repo -DCMAKE_INSTALL_PREFIX=/home/aakwan/autonomy_ws/src/autonomy_repo/install/autonomy_repo
[0.743s] DEBUG:colcon.colcon_core.event_handler.log_command:Invoking command in '/home/aakwan/autonomy_ws/src/autonomy_repo/build/autonomy_repo': CMAKE_PREFIX_PATH=${CMAKE_PREFIX_PATH}:/opt/ros/humble /usr/bin/cmake --build /home/aakwan/autonomy_ws/src/autonomy_repo/build/autonomy_repo -- -j4 -l4
[0.756s] DEBUG:colcon.colcon_core.event_handler.log_command:Invoked command in '/home/aakwan/autonomy_ws/src/autonomy_repo/build/autonomy_repo' returned '0': CMAKE_PREFIX_PATH=${CMAKE_PREFIX_PATH}:/opt/ros/humble /usr/bin/cmake --build /home/aakwan/autonomy_ws/src/autonomy_repo/build/autonomy_repo -- -j4 -l4
[0.760s] DEBUG:colcon.colcon_core.event_handler.log_command:Invoking command in '/home/aakwan/autonomy_ws/src/autonomy_repo/build/autonomy_repo': CMAKE_PREFIX_PATH=${CMAKE_PREFIX_PATH}:/opt/ros/humble /usr/bin/cmake --install /home/aakwan/autonomy_ws/src/autonomy_repo/build/autonomy_repo
[0.765s] Level 1:colcon.colcon_core.environment:create_environment_scripts_only(autonomy_repo)
[0.765s] DEBUG:colcon.colcon_core.event_handler.log_command:Invoked command in '/home/aakwan/autonomy_ws/src/autonomy_repo/build/autonomy_repo' returned '0': CMAKE_PREFIX_PATH=${CMAKE_PREFIX_PATH}:/opt/ros/humble /usr/bin/cmake --install /home/aakwan/autonomy_ws/src/autonomy_repo/build/autonomy_repo
[0.768s] Level 1:colcon.colcon_core.environment:checking '/home/aakwan/autonomy_ws/src/autonomy_repo/install/autonomy_repo' for CMake module files
[0.768s] Level 1:colcon.colcon_core.environment:checking '/home/aakwan/autonomy_ws/src/autonomy_repo/install/autonomy_repo' for CMake config files
[0.768s] Level 1:colcon.colcon_core.shell:create_environment_hook('autonomy_repo', 'cmake_prefix_path')
[0.768s] INFO:colcon.colcon_core.shell:Creating environment hook '/home/aakwan/autonomy_ws/src/autonomy_repo/install/autonomy_repo/share/autonomy_repo/hook/cmake_prefix_path.ps1'
[0.769s] INFO:colcon.colcon_core.shell:Creating environment descriptor '/home/aakwan/autonomy_ws/src/autonomy_repo/install/autonomy_repo/share/autonomy_repo/hook/cmake_prefix_path.dsv'
[0.769s] INFO:colcon.colcon_core.shell:Creating environment hook '/home/aakwan/autonomy_ws/src/autonomy_repo/install/autonomy_repo/share/autonomy_repo/hook/cmake_prefix_path.sh'
[0.770s] Level 1:colcon.colcon_core.environment:checking '/home/aakwan/autonomy_ws/src/autonomy_repo/install/autonomy_repo/lib'
[0.770s] Level 1:colcon.colcon_core.environment:checking '/home/aakwan/autonomy_ws/src/autonomy_repo/install/autonomy_repo/bin'
[0.770s] Level 1:colcon.colcon_core.environment:checking '/home/aakwan/autonomy_ws/src/autonomy_repo/install/autonomy_repo/lib/pkgconfig/autonomy_repo.pc'
[0.770s] Level 1:colcon.colcon_core.environment:checking '/home/aakwan/autonomy_ws/src/autonomy_repo/install/autonomy_repo/lib/python3.10/site-packages'
[0.770s] Level 1:colcon.colcon_core.environment:checking '/home/aakwan/autonomy_ws/src/autonomy_repo/install/autonomy_repo/bin'
[0.770s] INFO:colcon.colcon_core.shell:Creating package script '/home/aakwan/autonomy_ws/src/autonomy_repo/install/autonomy_repo/share/autonomy_repo/package.ps1'
[0.770s] INFO:colcon.colcon_core.shell:Creating package descriptor '/home/aakwan/autonomy_ws/src/autonomy_repo/install/autonomy_repo/share/autonomy_repo/package.dsv'
[0.771s] INFO:colcon.colcon_core.shell:Creating package script '/home/aakwan/autonomy_ws/src/autonomy_repo/install/autonomy_repo/share/autonomy_repo/package.sh'
[0.771s] INFO:colcon.colcon_core.shell:Creating package script '/home/aakwan/autonomy_ws/src/autonomy_repo/install/autonomy_repo/share/autonomy_repo/package.bash'
[0.772s] INFO:colcon.colcon_core.shell:Creating package script '/home/aakwan/autonomy_ws/src/autonomy_repo/install/autonomy_repo/share/autonomy_repo/package.zsh'
[0.772s] Level 1:colcon.colcon_core.environment:create_file_with_runtime_dependencies(/home/aakwan/autonomy_ws/src/autonomy_repo/install/autonomy_repo/share/colcon-core/packages/autonomy_repo)
[0.773s] Level 1:colcon.colcon_core.environment:create_environment_scripts_only(autonomy_repo)
[0.773s] Level 1:colcon.colcon_core.environment:checking '/home/aakwan/autonomy_ws/src/autonomy_repo/install/autonomy_repo' for CMake module files
[0.773s] Level 1:colcon.colcon_core.environment:checking '/home/aakwan/autonomy_ws/src/autonomy_repo/install/autonomy_repo' for CMake config files
[0.773s] Level 1:colcon.colcon_core.shell:create_environment_hook('autonomy_repo', 'cmake_prefix_path')
[0.773s] INFO:colcon.colcon_core.shell:Creating environment hook '/home/aakwan/autonomy_ws/src/autonomy_repo/install/autonomy_repo/share/autonomy_repo/hook/cmake_prefix_path.ps1'
[0.773s] INFO:colcon.colcon_core.shell:Creating environment descriptor '/home/aakwan/autonomy_ws/src/autonomy_repo/install/autonomy_repo/share/autonomy_repo/hook/cmake_prefix_path.dsv'
[0.773s] INFO:colcon.colcon_core.shell:Creating environment hook '/home/aakwan/autonomy_ws/src/autonomy_repo/install/autonomy_repo/share/autonomy_repo/hook/cmake_prefix_path.sh'
[0.773s] Level 1:colcon.colcon_core.environment:checking '/home/aakwan/autonomy_ws/src/autonomy_repo/install/autonomy_repo/lib'
[0.774s] Level 1:colcon.colcon_core.environment:checking '/home/aakwan/autonomy_ws/src/autonomy_repo/install/autonomy_repo/bin'
[0.774s] Level 1:colcon.colcon_core.environment:checking '/home/aakwan/autonomy_ws/src/autonomy_repo/install/autonomy_repo/lib/pkgconfig/autonomy_repo.pc'
[0.774s] Level 1:colcon.colcon_core.environment:checking '/home/aakwan/autonomy_ws/src/autonomy_repo/install/autonomy_repo/lib/python3.10/site-packages'
[0.774s] Level 1:colcon.colcon_core.environment:checking '/home/aakwan/autonomy_ws/src/autonomy_repo/install/autonomy_repo/bin'
[0.774s] INFO:colcon.colcon_core.shell:Creating package script '/home/aakwan/autonomy_ws/src/autonomy_repo/install/autonomy_repo/share/autonomy_repo/package.ps1'
[0.774s] INFO:colcon.colcon_core.shell:Creating package descriptor '/home/aakwan/autonomy_ws/src/autonomy_repo/install/autonomy_repo/share/autonomy_repo/package.dsv'
[0.774s] INFO:colcon.colcon_core.shell:Creating package script '/home/aakwan/autonomy_ws/src/autonomy_repo/install/autonomy_repo/share/autonomy_repo/package.sh'
[0.774s] INFO:colcon.colcon_core.shell:Creating package script '/home/aakwan/autonomy_ws/src/autonomy_repo/install/autonomy_repo/share/autonomy_repo/package.bash'
[0.774s] INFO:colcon.colcon_core.shell:Creating package script '/home/aakwan/autonomy_ws/src/autonomy_repo/install/autonomy_repo/share/autonomy_repo/package.zsh'
[0.775s] Level 1:colcon.colcon_core.environment:create_file_with_runtime_dependencies(/home/aakwan/autonomy_ws/src/autonomy_repo/install/autonomy_repo/share/colcon-core/packages/autonomy_repo)
[0.775s] DEBUG:colcon.colcon_parallel_executor.executor.parallel:closing loop
[0.775s] DEBUG:colcon.colcon_parallel_executor.executor.parallel:loop closed
[0.775s] DEBUG:colcon.colcon_parallel_executor.executor.parallel:run_until_complete finished with '0'
[0.775s] DEBUG:colcon.colcon_core.event_reactor:joining thread
[0.778s] INFO:colcon.colcon_core.plugin_system:Skipping extension 'colcon_notification.desktop_notification.terminal_notifier': Not used on non-Darwin systems
[0.778s] INFO:colcon.colcon_core.plugin_system:Skipping extension 'colcon_notification.desktop_notification.win32': Not used on non-Windows systems
[0.778s] INFO:colcon.colcon_notification.desktop_notification:Sending desktop notification using 'notify2'
[0.787s] DEBUG:colcon.colcon_core.event_reactor:joined thread
[0.787s] INFO:colcon.colcon_core.shell:Creating prefix script '/home/aakwan/autonomy_ws/src/autonomy_repo/install/local_setup.ps1'
[0.787s] INFO:colcon.colcon_core.shell:Creating prefix util module '/home/aakwan/autonomy_ws/src/autonomy_repo/install/_local_setup_util_ps1.py'
[0.789s] INFO:colcon.colcon_core.shell:Creating prefix chain script '/home/aakwan/autonomy_ws/src/autonomy_repo/install/setup.ps1'
[0.790s] INFO:colcon.colcon_core.shell:Creating prefix script '/home/aakwan/autonomy_ws/src/autonomy_repo/install/local_setup.sh'
[0.790s] INFO:colcon.colcon_core.shell:Creating prefix util module '/home/aakwan/autonomy_ws/src/autonomy_repo/install/_local_setup_util_sh.py'
[0.790s] INFO:colcon.colcon_core.shell:Creating prefix chain script '/home/aakwan/autonomy_ws/src/autonomy_repo/install/setup.sh'
[0.791s] INFO:colcon.colcon_core.shell:Creating prefix script '/home/aakwan/autonomy_ws/src/autonomy_repo/install/local_setup.bash'
[0.791s] INFO:colcon.colcon_core.shell:Creating prefix chain script '/home/aakwan/autonomy_ws/src/autonomy_repo/install/setup.bash'
[0.792s] INFO:colcon.colcon_core.shell:Creating prefix script '/home/aakwan/autonomy_ws/src/autonomy_repo/install/local_setup.zsh'
[0.792s] INFO:colcon.colcon_core.shell:Creating prefix chain script '/home/aakwan/autonomy_ws/src/autonomy_repo/install/setup.zsh'
