[0.008s] Invoking command in '/home/aakwan/autonomy_ws/src/autonomy_repo/build/autonomy_repo': CMAKE_PREFIX_PATH=${CMAKE_PREFIX_PATH}:/opt/ros/humble /usr/bin/cmake /home/aakwan/autonomy_ws/src/autonomy_repo -DCMAKE_INSTALL_PREFIX=/home/aakwan/autonomy_ws/src/autonomy_repo/install/autonomy_repo
[0.096s] -- The C compiler identification is GNU 11.4.0
[0.160s] -- The CXX compiler identification is GNU 11.4.0
[0.168s] -- Detecting C compiler ABI info
[0.199s] -- Detecting C compiler ABI info - done
[0.201s] -- Check for working C compiler: /usr/bin/cc - skipped
[0.202s] -- Detecting C compile features
[0.202s] -- Detecting C compile features - done
[0.204s] -- Detecting CXX compiler ABI info
[0.236s] -- Detecting CXX compiler ABI info - done
[0.239s] -- Check for working CXX compiler: /usr/bin/c++ - skipped
[0.240s] -- Detecting CXX compile features
[0.240s] -- Detecting CXX compile features - done
[0.247s] -- Found ament_cmake: 1.3.12 (/opt/ros/humble/share/ament_cmake/cmake)
[0.319s] -- Found Python3: /usr/bin/python3 (found version "3.10.12") found components: Interpreter 
[0.379s] -- Found ament_lint_auto: 0.12.14 (/opt/ros/humble/share/ament_lint_auto/cmake)
[0.421s] -- Added test 'cppcheck' to perform static code analysis on C / C++ code
[0.421s] -- Configured cppcheck include dirs: 
[0.421s] -- Configured cppcheck exclude dirs and/or files: 
[0.422s] -- Added test 'flake8' to check Python code syntax and style conventions
[0.422s] -- Added test 'lint_cmake' to check CMake code style
[0.423s] -- Added test 'pep257' to check Python code against some of the docstring style conventions in PEP 257
[0.425s] -- Added test 'uncrustify' to check C / C++ code style
[0.425s] -- Configured uncrustify additional arguments: 
[0.426s] -- Added test 'xmllint' to check XML markup files
[0.427s] -- Configuring done
[0.428s] -- Generating done
[0.429s] -- Build files have been written to: /home/aakwan/autonomy_ws/src/autonomy_repo/build/autonomy_repo
[0.432s] Invoked command in '/home/aakwan/autonomy_ws/src/autonomy_repo/build/autonomy_repo' returned '0': CMAKE_PREFIX_PATH=${CMAKE_PREFIX_PATH}:/opt/ros/humble /usr/bin/cmake /home/aakwan/autonomy_ws/src/autonomy_repo -DCMAKE_INSTALL_PREFIX=/home/aakwan/autonomy_ws/src/autonomy_repo/install/autonomy_repo
[0.433s] Invoking command in '/home/aakwan/autonomy_ws/src/autonomy_repo/build/autonomy_repo': CMAKE_PREFIX_PATH=${CMAKE_PREFIX_PATH}:/opt/ros/humble /usr/bin/cmake --build /home/aakwan/autonomy_ws/src/autonomy_repo/build/autonomy_repo -- -j4 -l4
[0.445s] Invoked command in '/home/aakwan/autonomy_ws/src/autonomy_repo/build/autonomy_repo' returned '0': CMAKE_PREFIX_PATH=${CMAKE_PREFIX_PATH}:/opt/ros/humble /usr/bin/cmake --build /home/aakwan/autonomy_ws/src/autonomy_repo/build/autonomy_repo -- -j4 -l4
[0.449s] Invoking command in '/home/aakwan/autonomy_ws/src/autonomy_repo/build/autonomy_repo': CMAKE_PREFIX_PATH=${CMAKE_PREFIX_PATH}:/opt/ros/humble /usr/bin/cmake --install /home/aakwan/autonomy_ws/src/autonomy_repo/build/autonomy_repo
[0.451s] -- Install configuration: ""
[0.451s] -- Installing: /home/aakwan/autonomy_ws/src/autonomy_repo/install/autonomy_repo/lib/autonomy_repo/heading_controller.py
[0.452s] -- Installing: /home/aakwan/autonomy_ws/src/autonomy_repo/install/autonomy_repo/lib/autonomy_repo/p3_plot.py
[0.452s] -- Installing: /home/aakwan/autonomy_ws/src/autonomy_repo/install/autonomy_repo/lib/autonomy_repo/navigator.py
[0.452s] -- Installing: /home/aakwan/autonomy_ws/src/autonomy_repo/install/autonomy_repo/share/autonomy_repo/launch
[0.452s] -- Installing: /home/aakwan/autonomy_ws/src/autonomy_repo/install/autonomy_repo/share/autonomy_repo/launch/heading_control.launch.py
[0.452s] -- Installing: /home/aakwan/autonomy_ws/src/autonomy_repo/install/autonomy_repo/share/autonomy_repo/launch/navigator.launch.py
[0.452s] -- Installing: /home/aakwan/autonomy_ws/src/autonomy_repo/install/autonomy_repo/share/autonomy_repo/rviz
[0.452s] -- Installing: /home/aakwan/autonomy_ws/src/autonomy_repo/install/autonomy_repo/share/autonomy_repo/rviz/default.rviz
[0.453s] -- Installing: /home/aakwan/autonomy_ws/src/autonomy_repo/install/autonomy_repo/share/ament_index/resource_index/package_run_dependencies/autonomy_repo
[0.453s] -- Installing: /home/aakwan/autonomy_ws/src/autonomy_repo/install/autonomy_repo/share/ament_index/resource_index/parent_prefix_path/autonomy_repo
[0.453s] -- Installing: /home/aakwan/autonomy_ws/src/autonomy_repo/install/autonomy_repo/share/autonomy_repo/environment/ament_prefix_path.sh
[0.453s] -- Installing: /home/aakwan/autonomy_ws/src/autonomy_repo/install/autonomy_repo/share/autonomy_repo/environment/ament_prefix_path.dsv
[0.453s] -- Installing: /home/aakwan/autonomy_ws/src/autonomy_repo/install/autonomy_repo/share/autonomy_repo/environment/path.sh
[0.453s] -- Installing: /home/aakwan/autonomy_ws/src/autonomy_repo/install/autonomy_repo/share/autonomy_repo/environment/path.dsv
[0.453s] -- Installing: /home/aakwan/autonomy_ws/src/autonomy_repo/install/autonomy_repo/share/autonomy_repo/local_setup.bash
[0.453s] -- Installing: /home/aakwan/autonomy_ws/src/autonomy_repo/install/autonomy_repo/share/autonomy_repo/local_setup.sh
[0.453s] -- Installing: /home/aakwan/autonomy_ws/src/autonomy_repo/install/autonomy_repo/share/autonomy_repo/local_setup.zsh
[0.453s] -- Installing: /home/aakwan/autonomy_ws/src/autonomy_repo/install/autonomy_repo/share/autonomy_repo/local_setup.dsv
[0.453s] -- Installing: /home/aakwan/autonomy_ws/src/autonomy_repo/install/autonomy_repo/share/autonomy_repo/package.dsv
[0.453s] -- Installing: /home/aakwan/autonomy_ws/src/autonomy_repo/install/autonomy_repo/share/ament_index/resource_index/packages/autonomy_repo
[0.453s] -- Installing: /home/aakwan/autonomy_ws/src/autonomy_repo/install/autonomy_repo/share/autonomy_repo/cmake/autonomy_repoConfig.cmake
[0.454s] -- Installing: /home/aakwan/autonomy_ws/src/autonomy_repo/install/autonomy_repo/share/autonomy_repo/cmake/autonomy_repoConfig-version.cmake
[0.454s] -- Installing: /home/aakwan/autonomy_ws/src/autonomy_repo/install/autonomy_repo/share/autonomy_repo/package.xml
[0.455s] Invoked command in '/home/aakwan/autonomy_ws/src/autonomy_repo/build/autonomy_repo' returned '0': CMAKE_PREFIX_PATH=${CMAKE_PREFIX_PATH}:/opt/ros/humble /usr/bin/cmake --install /home/aakwan/autonomy_ws/src/autonomy_repo/build/autonomy_repo
